# JRE version: Java(TM) SE Runtime Environment (14.0.2+12) (build 14.0.2+12-46)
# Java VM: Java HotSpot(TM) 64-Bit Server VM (14.0.2+12-46, mixed mode, sharing, tiered, compressed oops, g1 gc, windows-amd64)
Heap:
 garbage-first heap   total 122880K, used 38496K [0x0000000607800000, 0x0000000800000000)
  region size 2048K, 6 young (12288K), 3 survivors (6144K)
 Metaspace       used 72165K, capacity 74288K, committed 74448K, reserved 1114112K
  class space    used 9976K, capacity 10755K, committed 10880K, reserved 1048576K
GC Heap History (20 events):
Event: 1.123 GC heap before
{Heap before GC invocations=5 (full 0):
 garbage-first heap   total 61440K, used 40682K [0x0000000607800000, 0x0000000800000000)
  region size 2048K, 18 young (36864K), 3 survivors (6144K)
 Metaspace       used 21707K, capacity 22458K, committed 22832K, reserved 1069056K
  class space    used 2814K, capacity 3079K, committed 3200K, reserved 1048576K
}
Event: 1.126 GC heap after
{Heap after GC invocations=6 (full 0):
 garbage-first heap   total 290816K, used 12055K [0x0000000607800000, 0x0000000800000000)
  region size 2048K, 1 young (2048K), 1 survivors (2048K)
 Metaspace       used 21707K, capacity 22458K, committed 22832K, reserved 1069056K
  class space    used 2814K, capacity 3079K, committed 3200K, reserved 1048576K
}
Event: 1.677 GC heap before
{Heap before GC invocations=6 (full 0):
 garbage-first heap   total 290816K, used 184087K [0x0000000607800000, 0x0000000800000000)
  region size 2048K, 85 young (174080K), 1 survivors (2048K)
 Metaspace       used 28589K, capacity 29535K, committed 29744K, reserved 1075200K
  class space    used 3837K, capacity 4187K, committed 4224K, reserved 1048576K
}
Event: 1.680 GC heap after
{Heap after GC invocations=7 (full 0):
 garbage-first heap   total 290816K, used 16143K [0x0000000607800000, 0x0000000800000000)
  region size 2048K, 3 young (6144K), 3 survivors (6144K)
 Metaspace       used 28589K, capacity 29535K, committed 29744K, reserved 1075200K
  class space    used 3837K, capacity 4187K, committed 4224K, reserved 1048576K
}
Event: 2.025 GC heap before
{Heap before GC invocations=7 (full 0):
 garbage-first heap   total 290816K, used 151311K [0x0000000607800000, 0x0000000800000000)
  region size 2048K, 71 young (145408K), 3 survivors (6144K)
 Metaspace       used 34702K, capacity 35872K, committed 35920K, reserved 1081344K
  class space    used 4640K, capacity 5104K, committed 5120K, reserved 1048576K
}
Event: 2.029 GC heap after
{Heap after GC invocations=8 (full 0):
 garbage-first heap   total 290816K, used 18718K [0x0000000607800000, 0x0000000800000000)
  region size 2048K, 4 young (8192K), 4 survivors (8192K)
 Metaspace       used 34702K, capacity 35872K, committed 35920K, reserved 1081344K
  class space    used 4640K, capacity 5104K, committed 5120K, reserved 1048576K
}
Event: 2.194 GC heap before
{Heap before GC invocations=9 (full 0):
 garbage-first heap   total 75776K, used 71966K [0x0000000607800000, 0x0000000800000000)
  region size 2048K, 30 young (61440K), 4 survivors (8192K)
 Metaspace       used 38994K, capacity 40329K, committed 40528K, reserved 1083392K
  class space    used 5368K, capacity 5884K, committed 5888K, reserved 1048576K
}
Event: 2.199 GC heap after
{Heap after GC invocations=10 (full 0):
 garbage-first heap   total 83968K, used 19714K [0x0000000607800000, 0x0000000800000000)
  region size 2048K, 2 young (4096K), 2 survivors (4096K)
 Metaspace       used 38994K, capacity 40329K, committed 40528K, reserved 1083392K
  class space    used 5368K, capacity 5884K, committed 5888K, reserved 1048576K
}
Event: 2.312 GC heap before
{Heap before GC invocations=10 (full 0):
 garbage-first heap   total 83968K, used 64770K [0x0000000607800000, 0x0000000800000000)
  region size 2048K, 24 young (49152K), 2 survivors (4096K)
 Metaspace       used 42600K, capacity 43905K, committed 44112K, reserved 1087488K
  class space    used 5860K, capacity 6339K, committed 6400K, reserved 1048576K
}
Event: 2.316 GC heap after
{Heap after GC invocations=11 (full 0):
 garbage-first heap   total 301056K, used 21334K [0x0000000607800000, 0x0000000800000000)
  region size 2048K, 2 young (4096K), 2 survivors (4096K)
 Metaspace       used 42600K, capacity 43905K, committed 44112K, reserved 1087488K
  class space    used 5860K, capacity 6339K, committed 6400K, reserved 1048576K
}
Event: 3.172 GC heap before
{Heap before GC invocations=11 (full 0):
 garbage-first heap   total 301056K, used 197462K [0x0000000607800000, 0x0000000800000000)
  region size 2048K, 88 young (180224K), 2 survivors (4096K)
 Metaspace       used 54708K, capacity 56322K, committed 56528K, reserved 1097728K
  class space    used 7626K, capacity 8231K, committed 8320K, reserved 1048576K
}
Event: 3.176 GC heap after
{Heap after GC invocations=12 (full 0):
 garbage-first heap   total 301056K, used 25927K [0x0000000607800000, 0x0000000800000000)
  region size 2048K, 4 young (8192K), 4 survivors (8192K)
 Metaspace       used 54708K, capacity 56322K, committed 56528K, reserved 1097728K
  class space    used 7626K, capacity 8231K, committed 8320K, reserved 1048576K
}
Event: 3.521 GC heap before
{Heap before GC invocations=12 (full 0):
 garbage-first heap   total 301056K, used 167239K [0x0000000607800000, 0x0000000800000000)
  region size 2048K, 74 young (151552K), 4 survivors (8192K)
 Metaspace       used 58256K, capacity 60060K, committed 60240K, reserved 1101824K
  class space    used 8144K, capacity 8843K, committed 8960K, reserved 1048576K
}
Event: 3.525 GC heap after
{Heap after GC invocations=13 (full 0):
 garbage-first heap   total 301056K, used 30044K [0x0000000607800000, 0x0000000800000000)
  region size 2048K, 6 young (12288K), 6 survivors (12288K)
 Metaspace       used 58256K, capacity 60060K, committed 60240K, reserved 1101824K
  class space    used 8144K, capacity 8843K, committed 8960K, reserved 1048576K
}
Event: 19.319 GC heap before
{Heap before GC invocations=14 (full 0):
 garbage-first heap   total 122880K, used 91484K [0x0000000607800000, 0x0000000800000000)
  region size 2048K, 36 young (73728K), 6 survivors (12288K)
 Metaspace       used 60988K, capacity 62893K, committed 63184K, reserved 1103872K
  class space    used 8558K, capacity 9274K, committed 9344K, reserved 1048576K
}
Event: 19.323 GC heap after
{Heap after GC invocations=15 (full 0):
 garbage-first heap   total 122880K, used 31292K [0x0000000607800000, 0x0000000800000000)
  region size 2048K, 3 young (6144K), 3 survivors (6144K)
 Metaspace       used 60988K, capacity 62893K, committed 63184K, reserved 1103872K
  class space    used 8558K, capacity 9274K, committed 9344K, reserved 1048576K
}
Event: 19.534 GC heap before
{Heap before GC invocations=15 (full 0):
 garbage-first heap   total 122880K, used 98876K [0x0000000607800000, 0x0000000800000000)
  region size 2048K, 36 young (73728K), 3 survivors (6144K)
 Metaspace       used 65982K, capacity 67955K, committed 68176K, reserved 1107968K
  class space    used 9178K, capacity 9934K, committed 9984K, reserved 1048576K
}
Event: 19.537 GC heap after
{Heap after GC invocations=16 (full 0):
 garbage-first heap   total 122880K, used 31731K [0x0000000607800000, 0x0000000800000000)
  region size 2048K, 4 young (8192K), 4 survivors (8192K)
 Metaspace       used 65982K, capacity 67955K, committed 68176K, reserved 1107968K
  class space    used 9178K, capacity 9934K, committed 9984K, reserved 1048576K
}
Event: 79.580 GC heap before
{Heap before GC invocations=16 (full 0):
 garbage-first heap   total 122880K, used 95219K [0x0000000607800000, 0x0000000800000000)
  region size 2048K, 36 young (73728K), 4 survivors (8192K)
 Metaspace       used 71975K, capacity 74082K, committed 74320K, reserved 1114112K
  class space    used 9951K, capacity 10751K, committed 10752K, reserved 1048576K
}
Event: 79.584 GC heap after
{Heap after GC invocations=17 (full 0):
 garbage-first heap   total 122880K, used 34400K [0x0000000607800000, 0x0000000800000000)
  region size 2048K, 3 young (6144K), 3 survivors (6144K)
 Metaspace       used 71975K, capacity 74082K, committed 74320K, reserved 1114112K
  class space    used 9951K, capacity 10751K, committed 10752K, reserved 1048576K
}

